[    0.000000] Initializing cgroup subsys cpuset
[    0.000000] Initializing cgroup subsys cpu
[    0.000000] Initializing cgroup subsys cpuacct
[    0.000000] Linux version 4.4.0-134-generic (buildd@lgw01-amd64-033) (gcc version 5.4.0 20160609 (Ubuntu 5.4.0-6ubuntu1~16.04.10) ) #160-Ubuntu SMP Wed Aug 15 14:58:00 UTC 2018 (Ubuntu 4.4.0-134.160-generic 4.4.140)
[    0.000000] Command line: BOOT_IMAGE=/boot/vmlinuz-4.4.0-134-generic root=LABEL=cloudimg-rootfs ro console=tty1 console=ttyS0
[    0.000000] KERNEL supported cpus:
[    0.000000]   Intel GenuineIntel
[    0.000000]   AMD AuthenticAMD
[    0.000000]   Centaur CentaurHauls
[    0.000000] x86/fpu: xstate_offset[2]:  576, xstate_sizes[2]:  256
[    0.000000] x86/fpu: Supporting XSAVE feature 0x01: 'x87 floating point registers'
[    0.000000] x86/fpu: Supporting XSAVE feature 0x02: 'SSE registers'
[    0.000000] x86/fpu: Supporting XSAVE feature 0x04: 'AVX registers'
[    0.000000] x86/fpu: Enabled xstate features 0x7, context size is 832 bytes, using 'standard' format.
[    0.000000] e820: BIOS-provided physical RAM map:
[    0.000000] BIOS-e820: [mem 0x0000000000000000-0x000000000009fbff] usable
[    0.000000] BIOS-e820: [mem 0x000000000009fc00-0x000000000009ffff] reserved
[    0.000000] BIOS-e820: [mem 0x00000000000f0000-0x00000000000fffff] reserved
[    0.000000] BIOS-e820: [mem 0x0000000000100000-0x000000003ffeffff] usable
[    0.000000] BIOS-e820: [mem 0x000000003fff0000-0x000000003fffffff] ACPI data
[    0.000000] BIOS-e820: [mem 0x00000000fec00000-0x00000000fec00fff] reserved
[    0.000000] BIOS-e820: [mem 0x00000000fee00000-0x00000000fee00fff] reserved
[    0.000000] BIOS-e820: [mem 0x00000000fffc0000-0x00000000ffffffff] reserved
[    0.000000] NX (Execute Disable) protection: active
[    0.000000] SMBIOS 2.5 present.
[    0.000000] Hypervisor detected: KVM
[    0.000000] e820: last_pfn = 0x3fff0 max_arch_pfn = 0x400000000
[    0.000000] MTRR: Disabled
[    0.000000] x86/PAT: MTRRs disabled, skipping PAT initialization too.
[    0.000000] CPU MTRRs all blank - virtualized system.
[    0.000000] x86/PAT: Configuration [0-7]: WB  WT  UC- UC  WB  WT  UC- UC  
[    0.000000] found SMP MP-table at [mem 0x0009fff0-0x0009ffff] mapped at [ffff88000009fff0]
[    0.000000] Scanning 1 areas for low memory corruption
[    0.000000] RAMDISK: [mem 0x3630c000-0x3717dfff]
[    0.000000] ACPI: Early table checksum verification disabled
[    0.000000] ACPI: RSDP 0x00000000000E0000 000024 (v02 VBOX  )
[    0.000000] ACPI: XSDT 0x000000003FFF0030 00003C (v01 VBOX   VBOXXSDT 00000001 ASL  00000061)
[    0.000000] ACPI: FACP 0x000000003FFF00F0 0000F4 (v04 VBOX   VBOXFACP 00000001 ASL  00000061)
[    0.000000] ACPI: DSDT 0x000000003FFF0470 0021FF (v02 VBOX   VBOXBIOS 00000002 INTL 20100528)
[    0.000000] ACPI: FACS 0x000000003FFF0200 000040
[    0.000000] ACPI: FACS 0x000000003FFF0200 000040
[    0.000000] ACPI: APIC 0x000000003FFF0240 00005C (v02 VBOX   VBOXAPIC 00000001 ASL  00000061)
[    0.000000] ACPI: SSDT 0x000000003FFF02A0 0001CC (v01 VBOX   VBOXCPUT 00000002 INTL 20100528)
[    0.000000] No NUMA configuration found
[    0.000000] Faking a node at [mem 0x0000000000000000-0x000000003ffeffff]
[    0.000000] NODE_DATA(0) allocated [mem 0x3ffeb000-0x3ffeffff]
[    0.000000] kvm-clock: Using msrs 4b564d01 and 4b564d00
[    0.000000] kvm-clock: cpu 0, msr 0:3ffe3001, primary cpu clock
[    0.000000] kvm-clock: using sched offset of 3284115194 cycles
[    0.000000] clocksource: kvm-clock: mask: 0xffffffffffffffff max_cycles: 0x1cd42e4dffb, max_idle_ns: 881590591483 ns
[    0.000000] Zone ranges:
[    0.000000]   DMA      [mem 0x0000000000001000-0x0000000000ffffff]
[    0.000000]   DMA32    [mem 0x0000000001000000-0x000000003ffeffff]
[    0.000000]   Normal   empty
[    0.000000]   Device   empty
[    0.000000] Movable zone start for each node
[    0.000000] Early memory node ranges
[    0.000000]   node   0: [mem 0x0000000000001000-0x000000000009efff]
[    0.000000]   node   0: [mem 0x0000000000100000-0x000000003ffeffff]
[    0.000000] Initmem setup node 0 [mem 0x0000000000001000-0x000000003ffeffff]
[    0.000000] ACPI: PM-Timer IO Port: 0x4008
[    0.000000] IOAPIC[0]: apic_id 2, version 32, address 0xfec00000, GSI 0-23
[    0.000000] ACPI: INT_SRC_OVR (bus 0 bus_irq 0 global_irq 2 dfl dfl)
[    0.000000] ACPI: INT_SRC_OVR (bus 0 bus_irq 9 global_irq 9 high level)
[    0.000000] Using ACPI (MADT) for SMP configuration information
[    0.000000] smpboot: Allowing 2 CPUs, 0 hotplug CPUs
[    0.000000] PM: Registered nosave memory: [mem 0x00000000-0x00000fff]
[    0.000000] PM: Registered nosave memory: [mem 0x0009f000-0x0009ffff]
[    0.000000] PM: Registered nosave memory: [mem 0x000a0000-0x000effff]
[    0.000000] PM: Registered nosave memory: [mem 0x000f0000-0x000fffff]
[    0.000000] e820: [mem 0x40000000-0xfebfffff] available for PCI devices
[    0.000000] Booting paravirtualized kernel on KVM
[    0.000000] clocksource: refined-jiffies: mask: 0xffffffff max_cycles: 0xffffffff, max_idle_ns: 7645519600211568 ns
[    0.000000] setup_percpu: NR_CPUS:512 nr_cpumask_bits:512 nr_cpu_ids:2 nr_node_ids:1
[    0.000000] PERCPU: Embedded 34 pages/cpu @ffff88003fc00000 s99544 r8192 d31528 u1048576
[    0.000000] PV qspinlock hash table entries: 256 (order: 0, 4096 bytes)
[    0.000000] Built 1 zonelists in Node order, mobility grouping on.  Total pages: 257912
[    0.000000] Policy zone: DMA32
[    0.000000] Kernel command line: BOOT_IMAGE=/boot/vmlinuz-4.4.0-134-generic root=LABEL=cloudimg-rootfs ro console=tty1 console=ttyS0
[    0.000000] PID hash table entries: 4096 (order: 3, 32768 bytes)
[    0.000000] Memory: 997724K/1048120K available (8554K kernel code, 1314K rwdata, 4004K rodata, 1516K init, 1316K bss, 50396K reserved, 0K cma-reserved)
[    0.000000] SLUB: HWalign=64, Order=0-3, MinObjects=0, CPUs=2, Nodes=1
[    0.000000] Kernel/User page tables isolation: enabled
[    0.000000] Hierarchical RCU implementation.
[    0.000000] 	Build-time adjustment of leaf fanout to 64.
[    0.000000] 	RCU restricting CPUs from NR_CPUS=512 to nr_cpu_ids=2.
[    0.000000] RCU: Adjusting geometry for rcu_fanout_leaf=64, nr_cpu_ids=2
[    0.000000] NR_IRQS:33024 nr_irqs:440 16
[    0.000000] Console: colour VGA+ 80x25
[    0.000000] console [tty1] enabled
[    0.000000] console [ttyS0] enabled
[    0.000000] tsc: Detected 3192.756 MHz processor
[    0.738162] Calibrating delay loop (skipped) preset value.. 6385.51 BogoMIPS (lpj=12771024)
[    0.743055] pid_max: default: 32768 minimum: 301
[    0.743812] ACPI: Core revision 20150930
[    0.745364] ACPI: 2 ACPI AML tables successfully acquired and loaded
[    0.746491] Security Framework initialized
[    0.747190] Yama: becoming mindful.
[    0.747828] AppArmor: AppArmor initialized
[    0.748576] Dentry cache hash table entries: 131072 (order: 8, 1048576 bytes)
[    0.750357] Inode-cache hash table entries: 65536 (order: 7, 524288 bytes)
[    0.768348] Mount-cache hash table entries: 2048 (order: 2, 16384 bytes)
[    0.769351] Mountpoint-cache hash table entries: 2048 (order: 2, 16384 bytes)
[    0.771696] Initializing cgroup subsys io
[    0.772388] Initializing cgroup subsys memory
[    0.789939] Initializing cgroup subsys devices
[    0.810016] Initializing cgroup subsys freezer
[    0.927287] Initializing cgroup subsys net_cls
[    1.059172] Initializing cgroup subsys perf_event
[    1.177339] Initializing cgroup subsys net_prio
[    1.181838] Initializing cgroup subsys hugetlb
[    1.182606] Initializing cgroup subsys pids
[    1.183676] mce: CPU supports 0 MCE banks
[    1.191342] Last level iTLB entries: 4KB 512, 2MB 8, 4MB 8
[    1.250815] Last level dTLB entries: 4KB 512, 2MB 32, 4MB 32, 1GB 0
[    1.346247] Spectre V2 : Mitigation: Full generic retpoline
[    1.359940] Spectre V2 : Speculation control IBPB not-supported IBRS not-supported
[    1.361032] Speculative Store Bypass: Vulnerable
[    1.364414] Freeing SMP alternatives memory: 32K
[    1.372967] ftrace: allocating 32266 entries in 127 pages
[    1.437352] smpboot: APIC(0) Converting physical 0 to logical package 0
[    1.464895] smpboot: Max logical packages: 1
[    1.467017] x2apic enabled
[    1.467780] Switched APIC routing to physical x2apic.
[    1.480192] ..TIMER: vector=0x30 apic1=0 pin1=2 apic2=-1 pin2=-1
[    1.597451] smpboot: CPU0: Intel(R) Core(TM) i5-3470 CPU @ 3.20GHz (family: 0x6, model: 0x3a, stepping: 0x9)
[    1.712941] Performance Events: unsupported p6 CPU model 58 no PMU driver, software events only.
[    1.764343] KVM setup paravirtual spinlock
[    1.773975] x86: Booting SMP configuration:
[    1.846907] .... node  #0, CPUs:      #1
[    1.848778] kvm-clock: cpu 1, msr 0:3ffe3041, secondary cpu clock
[    2.125544] mce: CPU supports 0 MCE banks
[    2.287677] x86: Booted up 1 node, 2 CPUs
[    2.310424] smpboot: Total of 2 processors activated (12771.02 BogoMIPS)
[    2.357259] devtmpfs: initialized
[    2.385873] evm: security.selinux
[    2.408001] evm: security.SMACK64
[    2.408614] evm: security.SMACK64EXEC
[    2.409277] evm: security.SMACK64TRANSMUTE
[    2.409977] evm: security.SMACK64MMAP
[    2.410597] evm: security.ima
[    2.411163] evm: security.capability
[    2.412068] clocksource: jiffies: mask: 0xffffffff max_cycles: 0xffffffff, max_idle_ns: 7645041785100000 ns
[    2.413631] futex hash table entries: 512 (order: 3, 32768 bytes)
[    2.431525] pinctrl core: initialized pinctrl subsystem
[    2.444171] RTC time: 14:09:25, date: 08/27/18
[    2.445239] NET: Registered protocol family 16
[    2.457411] cpuidle: using governor ladder
[    2.513481] cpuidle: using governor menu
[    2.524707] PCCT header not found.
[    2.532813] ACPI: bus type PCI registered
[    2.533504] acpiphp: ACPI Hot Plug PCI Controller Driver version: 0.5
[    2.549634] PCI: Using configuration type 1 for base access
[    2.594242] ACPI: Added _OSI(Module Device)
[    2.631856] ACPI: Added _OSI(Processor Device)
[    2.645259] ACPI: Added _OSI(3.0 _SCP Extensions)
[    2.646035] ACPI: Added _OSI(Processor Aggregator Device)
[    2.647500] ACPI: Executed 1 blocks of module-level executable AML code
[    2.656821] ACPI: Interpreter enabled
[    2.667995] ACPI: (supports S0 S5)
[    2.668608] ACPI: Using IOAPIC for interrupt routing
[    2.695306] PCI: Using host bridge windows from ACPI; if necessary, use "pci=nocrs" and report a bug
[    2.700174] ACPI: PCI Root Bridge [PCI0] (domain 0000 [bus 00-ff])
[    2.707447] acpi PNP0A03:00: _OSC: OS supports [ASPM ClockPM Segments MSI]
[    2.708496] acpi PNP0A03:00: _OSC: not requesting OS control; OS requires [ExtendedConfig ASPM ClockPM MSI]
[    2.710008] acpi PNP0A03:00: fail to add MMCONFIG information, can't access extended PCI configuration space under this bridge.
[    2.717296] PCI host bridge to bus 0000:00
[    2.776976] pci_bus 0000:00: root bus resource [io  0x0000-0x0cf7 window]
[    2.778021] pci_bus 0000:00: root bus resource [io  0x0d00-0xffff window]
[    2.779013] pci_bus 0000:00: root bus resource [mem 0x000a0000-0x000bffff window]
[    2.780304] pci_bus 0000:00: root bus resource [mem 0x40000000-0xffdfffff window]
[    2.781567] pci_bus 0000:00: root bus resource [bus 00-ff]
[    2.785692] pci 0000:00:01.1: legacy IDE quirk: reg 0x10: [io  0x01f0-0x01f7]
[    2.810545] pci 0000:00:01.1: legacy IDE quirk: reg 0x14: [io  0x03f6]
[    2.811508] pci 0000:00:01.1: legacy IDE quirk: reg 0x18: [io  0x0170-0x0177]
[    2.812543] pci 0000:00:01.1: legacy IDE quirk: reg 0x1c: [io  0x0376]
[    2.830289] pci 0000:00:07.0: quirk: [io  0x4000-0x403f] claimed by PIIX4 ACPI
[    2.888610] pci 0000:00:07.0: quirk: [io  0x4100-0x410f] claimed by PIIX4 SMB
[    3.104528] ACPI: PCI Interrupt Link [LNKA] (IRQs 5 9 10 *11)
[    3.253103] ACPI: PCI Interrupt Link [LNKB] (IRQs 5 9 10 *11)
[    3.336478] ACPI: PCI Interrupt Link [LNKC] (IRQs 5 9 *10 11)
[    3.337828] ACPI: PCI Interrupt Link [LNKD] (IRQs 5 *9 10 11)
[    3.357699] ACPI: Enabled 2 GPEs in block 00 to 07
[    3.396317] vgaarb: setting as boot device: PCI:0000:00:02.0
[    3.439334] vgaarb: device added: PCI:0000:00:02.0,decodes=io+mem,owns=io+mem,locks=none
[    3.487163] vgaarb: loaded
[    3.487714] vgaarb: bridge control possible 0000:00:02.0
[    3.510147] SCSI subsystem initialized
[    3.534534] ACPI: bus type USB registered
[    3.568846] usbcore: registered new interface driver usbfs
[    3.581331] usbcore: registered new interface driver hub
[    3.584197] usbcore: registered new device driver usb
[    3.585792] PCI: Using ACPI for IRQ routing
[    3.586783] NetLabel: Initializing
[    3.587398] NetLabel:  domain hash size = 128
[    3.635808] NetLabel:  protocols = UNLABELED CIPSOv4
[    3.662458] NetLabel:  unlabeled traffic allowed by default
[    3.672864] amd_nb: Cannot enumerate AMD northbridges
[    3.695840] clocksource: Switched to clocksource kvm-clock
[    3.727829] AppArmor: AppArmor Filesystem Enabled
[    3.735042] pnp: PnP ACPI init
[    3.736395] pnp: PnP ACPI: found 3 devices
[    3.745861] clocksource: acpi_pm: mask: 0xffffff max_cycles: 0xffffff, max_idle_ns: 2085701024 ns
[    3.801327] NET: Registered protocol family 2
[    3.802270] TCP established hash table entries: 8192 (order: 4, 65536 bytes)
[    4.004028] TCP bind hash table entries: 8192 (order: 5, 131072 bytes)
[    4.200167] TCP: Hash tables configured (established 8192 bind 8192)
[    4.359115] UDP hash table entries: 512 (order: 2, 16384 bytes)
[    4.370599] UDP-Lite hash table entries: 512 (order: 2, 16384 bytes)
[    4.382138] NET: Registered protocol family 1
[    4.382907] pci 0000:00:00.0: Limiting direct PCI/PCI transfers
[    4.395445] pci 0000:00:01.0: Activating ISA DMA hang workarounds
[    4.419677] Unpacking initramfs...
[    4.608435] Freeing initrd memory: 14792K
[    4.714896] RAPL PMU detected, API unit is 2^-32 Joules, 3 fixed counters 10737418240 ms ovfl timer
[    5.015177] hw unit of domain pp0-core 2^-0 Joules
[    5.015965] hw unit of domain package 2^-0 Joules
[    5.016777] hw unit of domain pp1-gpu 2^-0 Joules
[    5.017591] platform rtc_cmos: registered platform RTC device (no PNP device found)
[    5.504844] Scanning for low memory corruption every 60 seconds
[    5.675169] audit: initializing netlink subsys (disabled)
[    5.708977] audit: type=2000 audit(1535378970.903:1): initialized
[    5.745377] Initialise system trusted keyring
[    6.124523] tsc: Refined TSC clocksource calibration: 3197.729 MHz
[    6.364983] clocksource: tsc: mask: 0xffffffffffffffff max_cycles: 0x2e17e8e6cfa, max_idle_ns: 440795258255 ns
[    6.365155] HugeTLB registered 2 MB page size, pre-allocated 0 pages
[    6.366368] zbud: loaded
[    6.366631] VFS: Disk quotas dquot_6.6.0
[    6.366658] VFS: Dquot-cache hash table entries: 512 (order 0, 4096 bytes)
[    6.366882] squashfs: version 4.0 (2009/01/31) Phillip Lougher
[    6.395180] fuse init (API version 7.23)
[    6.395358] Key type big_key registered
[    6.395385] Allocating IMA MOK and blacklist keyrings.
[    6.395630] Key type asymmetric registered
[    6.395637] Asymmetric key parser 'x509' registered
[    6.395681] Block layer SCSI generic (bsg) driver version 0.4 loaded (major 249)
[    6.395707] io scheduler noop registered
[    6.395709] io scheduler deadline registered (default)
[    6.395742] io scheduler cfq registered
[    6.395837] pci_hotplug: PCI Hot Plug PCI Core version: 0.5
[    6.395842] pciehp: PCI Express Hot Plug Controller Driver version: 0.4
[    6.395988] ACPI: AC Adapter [AC] (on-line)
[    6.396038] input: Power Button as /devices/LNXSYSTM:00/LNXPWRBN:00/input/input0
[    6.396041] ACPI: Power Button [PWRF]
[    6.396101] input: Sleep Button as /devices/LNXSYSTM:00/LNXSLPBN:00/input/input1
[    6.396103] ACPI: Sleep Button [SLPF]
[    6.396235] GHES: HEST is not enabled!
[    6.396308] Serial: 8250/16550 driver, 32 ports, IRQ sharing enabled
[    6.486118] 00:02: ttyS0 at I/O 0x3f8 (irq = 4, base_baud = 115200) is a 16550A
[    6.671482] Linux agpgart interface v0.103
[    6.678227] loop: module loaded
[    6.678736] scsi host0: ata_piix
[    6.678794] scsi host1: ata_piix
[    6.678823] ata1: PATA max UDMA/33 cmd 0x1f0 ctl 0x3f6 bmdma 0xd000 irq 14
[    6.678824] ata2: PATA max UDMA/33 cmd 0x170 ctl 0x376 bmdma 0xd008 irq 15
[    6.678894] libphy: Fixed MDIO Bus: probed
[    6.678895] tun: Universal TUN/TAP device driver, 1.6
[    6.678896] tun: (C) 1999-2004 Max Krasnyansky <maxk@qualcomm.com>
[    6.678927] PPP generic driver version 2.4.2
[    6.678974] ehci_hcd: USB 2.0 'Enhanced' Host Controller (EHCI) Driver
[    6.678978] ehci-pci: EHCI PCI platform driver
[    6.678995] ehci-platform: EHCI generic platform driver
[    6.679002] ohci_hcd: USB 1.1 'Open' Host Controller (OHCI) Driver
[    6.679005] ohci-pci: OHCI PCI platform driver
[    6.679014] ohci-platform: OHCI generic platform driver
[    6.679020] uhci_hcd: USB Universal Host Controller Interface driver
[    6.679073] i8042: PNP: PS/2 Controller [PNP0303:PS2K,PNP0f03:PS2M] at 0x60,0x64 irq 1,12
[    6.679500] serio: i8042 KBD port at 0x60,0x64 irq 1
[    6.679504] serio: i8042 AUX port at 0x60,0x64 irq 12
[    6.679598] mousedev: PS/2 mouse device common for all mice
[    6.679863] input: AT Translated Set 2 keyboard as /devices/platform/i8042/serio0/input/input2
[    6.680175] rtc_cmos rtc_cmos: rtc core: registered rtc_cmos as rtc0
[    6.680225] rtc_cmos rtc_cmos: alarms up to one day, 114 bytes nvram
[    6.680232] i2c /dev entries driver
[    6.680283] device-mapper: uevent: version 1.0.3
[    6.680333] device-mapper: ioctl: 4.34.0-ioctl (2015-10-28) initialised: dm-devel@redhat.com
[    6.680351] ledtrig-cpu: registered to indicate activity on CPUs
[    6.680602] NET: Registered protocol family 10
[    6.680758] NET: Registered protocol family 17
[    6.680769] Key type dns_resolver registered
[    6.680998] registered taskstats version 1
[    6.681010] Loading compiled-in X.509 certificates
[    6.681633] Loaded X.509 cert 'Build time autogenerated kernel key: 4eb3d024ac16f76c1747ffd474694c84db21038b'
[    6.681653] zswap: loaded using pool lzo/zbud
[    6.687084] Key type trusted registered
[    6.689722] Key type encrypted registered
[    6.689730] AppArmor: AppArmor sha1 policy hashing enabled
[    6.689733] ima: No TPM chip found, activating TPM-bypass!
[    6.689738] ima: Allocated hash algorithm: sha1
[    6.689752] evm: HMAC attrs: 0x1
[    6.690012]   Magic number: 14:143:183
[    6.690575] rtc_cmos rtc_cmos: setting system clock to 2018-08-27 14:09:29 UTC (1535378969)
[    6.690652] BIOS EDD facility v0.16 2004-Jun-25, 0 devices found
[    6.690653] EDD information not available.
[   10.775968] Freeing unused kernel memory: 1516K
[   10.803933] Write protecting the kernel read-only data: 14336k
[   10.973038] Freeing unused kernel memory: 1672K
[   11.037308] Freeing unused kernel memory: 92K
Loading, please [   11.097796] random: systemd-udevd: uninitialized urandom read (16 bytes read, 3 bits of entropy available)
wait...
startin[   11.098392] random: udevadm: uninitialized urandom read (16 bytes read, 3 bits of entropy available)
g version 229
[   11.098414] random: udevadm: uninitialized urandom read (16 bytes read, 3 bits of entropy available)
[   11.107118] random: udevadm: uninitialized urandom read (16 bytes read, 3 bits of entropy available)
[   11.107158] random: udevadm: uninitialized urandom read (16 bytes read, 3 bits of entropy available)
[   11.107291] random: udevadm: uninitialized urandom read (16 bytes read, 3 bits of entropy available)
[   11.107344] random: udevadm: uninitialized urandom read (16 bytes read, 3 bits of entropy available)
[   11.107394] random: udevadm: uninitialized urandom read (16 bytes read, 3 bits of entropy available)
[   11.107448] random: udevadm: uninitialized urandom read (16 bytes read, 3 bits of entropy available)
[   11.107499] random: udevadm: uninitialized urandom read (16 bytes read, 3 bits of entropy available)
[   11.656671] e1000: Intel(R) PRO/1000 Network Driver - version 7.3.21-k8-NAPI
[   11.734677] e1000: Copyright (c) 1999-2006 Intel Corporation.
[   11.795220] Fusion MPT base driver 3.04.20
[   12.144524] Copyright (c) 1999-2008 LSI Corporation
[   12.164639] input: ImExPS/2 Generic Explorer Mouse as /devices/platform/i8042/serio1/input/input4
[   12.404175] AVX version of gcm_enc/dec engaged.
[   12.460550] AES CTR mode by8 optimization enabled
[   12.460899] Fusion MPT SPI Host driver 3.04.20
[   12.779512] e1000 0000:00:03.0 eth0: (PCI:33MHz:32-bit) 02:93:23:4d:82:b3
[   12.815211] e1000 0000:00:03.0 eth0: Intel(R) PRO/1000 Network Connection
[   13.158435] e1000 0000:00:08.0 eth1: (PCI:33MHz:32-bit) 08:00:27:06:4f:f2
[   13.314908] e1000 0000:00:08.0 eth1: Intel(R) PRO/1000 Network Connection
[   13.376089] e1000 0000:00:03.0 enp0s3: renamed from eth0
[   13.485011] mptbase: ioc0: Initiating bringup
[   13.568201] e1000 0000:00:08.0 enp0s8: renamed from eth1
[   13.724065] ioc0: LSI53C1030 A0: Capabilities={Initiator}
[   13.929875] scsi host2: ioc0: LSI53C1030 A0, FwRev=00000000h, Ports=1, MaxQ=256, IRQ=20
[   14.176448] scsi 2:0:0:0: Direct-Access     VBOX     HARDDISK         1.0  PQ: 0 ANSI: 5
[   14.373652] scsi target2:0:0: Beginning Domain Validation
[   14.390253] scsi target2:0:0: Domain Validation skipping write tests
[   14.430716] scsi target2:0:0: Ending Domain Validation
[   14.431608] scsi target2:0:0: asynchronous
[   14.441176] scsi 2:0:1:0: Direct-Access     VBOX     HARDDISK         1.0  PQ: 0 ANSI: 5
[   14.475022] scsi target2:0:1: Beginning Domain Validation
[   14.525017] scsi target2:0:1: Domain Validation skipping write tests
[   14.525971] scsi target2:0:1: Ending Domain Validation
[   14.526853] scsi target2:0:1: asynchronous
[   14.532092] sd 2:0:0:0: Attached scsi generic sg0 type 0
[   14.538321] sd 2:0:0:0: [sda] 20971520 512-byte logical blocks: (10.7 GB/10.0 GiB)
[   14.539733] sd 2:0:0:0: [sda] Write Protect is off
[   14.540616] sd 2:0:0:0: [sda] Incomplete mode parameter data
[   14.604171] sd 2:0:0:0: [sda] Assuming drive cache: write through
[   14.608142] sd 2:0:1:0: Attached scsi generic sg1 type 0
[   14.634136] sd 2:0:1:0: [sdb] 20480 512-byte logical blocks: (10.5 MB/10.0 MiB)
[   14.725346] sd 2:0:1:0: [sdb] Write Protect is off
[   14.906259] sd 2:0:1:0: [sdb] Incomplete mode parameter data
[   14.906544]  sda: sda1
[   14.907695] sd 2:0:1:0: [sdb] Assuming drive cache: write through
[   14.908614] sd 2:0:0:0: [sda] Attached SCSI disk
[   14.983510] sd 2:0:1:0: [sdb] Attached SCSI disk
Begin: Loading e[   16.475771] md: linear personality registered for level -1
ssential drivers ... [   16.587778] md: multipath personality registered for level -4
[   16.657997] md: raid0 personality registered for level 0
[   16.907292] md: raid1 personality registered for level 1
[   17.127860] raid6: sse2x1   gen()  9656 MB/s
[   17.263859] raid6: sse2x1   xor()  7818 MB/s
[   17.423864] raid6: sse2x2   gen() 11361 MB/s
[   17.519861] raid6: sse2x2   xor()  7911 MB/s
[   17.619886] raid6: sse2x4   gen() 13226 MB/s
[   17.739880] raid6: sse2x4   xor()  8226 MB/s
[   17.751196] raid6: using algorithm sse2x4 gen() 13226 MB/s
[   17.752057] raid6: .... xor() 8226 MB/s, rmw enabled
[   17.752852] raid6: using ssse3x2 recovery algorithm
[   17.755117] xor: automatically using best checksumming function:
[   18.014176]    avx       : 50485.000 MB/sec
[   18.275907] async_tx: api initialized (async)
[   18.342539] md: raid6 personality registered for level 6
[   18.394821] md: raid5 personality registered for level 5
[   18.430654] md: raid4 personality registered for level 4
[   18.456896] md: raid10 personality registered for level 10
done.
Begin: Running /scripts/init-premount ... done.
Begin: Mounting root file system ... Begin: Running /scripts/local-top ... done.
[   18.695558] Btrfs loaded
Begin: Running /scripts/local-premount ... Scanning for Btrfs filesystems
done.
Warning: fsck not present, so skipping root file system
[   18.785212] EXT4-fs (sda1): mounted filesystem with ordered data mode. Opts: (null)
done.
Begin: Running /scripts/local-bottom ... done.
Begin: Running /scripts/init-bottom ... done.
[   19.284794] systemd[1]: systemd 229 running in system mode. (+PAM +AUDIT +SELINUX +IMA +APPARMOR +SMACK +SYSVINIT +UTMP +LIBCRYPTSETUP +GCRYPT +GNUTLS +ACL +XZ -LZ4 +SECCOMP +BLKID +ELFUTILS +KMOD -IDN)
[   19.377833] systemd[1]: Detected virtualization oracle.
[   19.391339] systemd[1]: Detected architecture x86-64.

Welcome to [1mUbuntu 16.04.5 LTS[0m!

[   19.481979] systemd[1]: Set hostname to <ubuntu>.
[   19.530006] systemd[1]: Initializing machine ID from random generator.
[   19.562395] systemd[1]: Installed transient /etc/machine-id file.
[   19.894521] random: nonblocking pool is initialized
[   20.151915] systemd[1]: Listening on Journal Socket (/dev/log).
[[0;32m  OK  [0m] Listening on Journal Socket (/dev/log).
[   20.233729] systemd[1]: Listening on /dev/initctl Compatibility Named Pipe.
[[0;32m  OK  [0m] Listening on /dev/initctl Compatibility Named Pipe.
[   20.361134] systemd[1]: Started Forward Password Requests to Wall Directory Watch.
[[0;32m  OK  [0m] Started Forward Password Requests to Wall Directory Watch.
[   20.363669] systemd[1]: Started Trigger resolvconf update for networkd DNS.
[[0;32m  OK  [0m] Started Trigger resolvconf update for networkd DNS.
[   20.365979] systemd[1]: Listening on LVM2 poll daemon socket.
[[0;32m  OK  [0m] Listening on LVM2 poll daemon socket.
[   20.373599] systemd[1]: Created slice User and Session Slice.
[[0;32m  OK  [0m] Created slice User and Session Slice.
[   20.375625] systemd[1]: Listening on udev Control Socket.
[[0;32m  OK  [0m] Listening on udev Control Socket.
[   20.377603] systemd[1]: Listening on Journal Socket.
[[0;32m  OK  [0m] Listening on Journal Socket.
[   20.379540] systemd[1]: Listening on Journal Audit Socket.
[[0;32m  OK  [0m] Listening on Journal Audit Socket.
[   20.382595] systemd[1]: Listening on Device-mapper event daemon FIFOs.
[[0;32m  OK  [0m] Listening on Device-mapper event daemon FIFOs.
[   20.397375] systemd[1]: Reached target Swap.
[[0;32m  OK  [0m] Reached target Swap.
[   20.399060] systemd[1]: Reached target System Time Synchronized.
[[0;32m  OK  [0m] Reached target System Time Synchronized.
[   20.413053] systemd[1]: Listening on Syslog Socket.
[[0;32m  OK  [0m] Listening on Syslog Socket.
[   20.414893] systemd[1]: Reached target User and Group Name Lookups.
[[0;32m  OK  [0m] Reached target User and Group Name Lookups.
[   20.460871] systemd[1]: Listening on LVM2 metadata daemon socket.
[[0;32m  OK  [0m] Listening on LVM2 metadata daemon socket.
[   20.463527] systemd[1]: Created slice System Slice.
[[0;32m  OK  [0m] Created slice System Slice.
[   20.524127] systemd[1]: Starting Journal Service...
         Starting Journal Service...
[   20.580064] systemd[1]: Starting Set console keymap...
         Starting Set console keymap...
[   20.608820] systemd[1]: Mounting POSIX Message Queue File System...
         Mounting POSIX Message Queue File System...
[   20.668819] systemd[1]: Mounting Huge Pages File System...
         Mounting Huge Pages File System...
[   20.719499] systemd[1]: Starting Remount Root and Kernel File Systems...
         [   20.729212] EXT4-fs (sda1): re-mounted. Opts: (null)
Starting Remount Root and Kernel File Systems...
[   20.780116] systemd[1]: Starting Load Kernel Modules...
         Starting Load Kernel Modules...
[   20.813317] systemd[1]: Starting Uncomplicated firewall...
         Starting Uncomplicated firewall...
[   20.968121] systemd[1]: Starting Monitoring of LVM2 mirrors, snapshots etc. using dmeventd or progress polling...
         Starting Monitoring of LVM2 mirrors... dmeventd or progress polling...
[   20.976501] systemd[1]: Created slice system-serial\x2dgetty.slice.
[[0;32m  OK  [0m] Created slice system-serial\x2dgetty.slice.
[   20.978556] systemd[1]: Reached target Slices.
[[0;32m  OK  [0m] Reached target Slices.[   20.982458] Loading iSCSI transport class v2.0-870.

[   21.220110] systemd[1]: Reached target Encrypted Volumes.
[[0;32m  OK  [0m] Reached target Encrypted Volumes.
[   21.364001] systemd[1]: Mounting Debug File System...
         Mounting Debug File System...
[   21.394053] systemd[1]: Set up automount Arbitrary Executable File Formats File System Automount Point.
[[0;32m  OK  [0m] Set up automount Arbitrary Executab...ats File System Automount Point.
[   21.445561] systemd[1]: Listening on udev Kernel Socket.
[[0;32m  OK  [0m] Listening on [   21.453867] iscsi: registered transport (tcp)
udev Kernel Socket.
[   21.484040] systemd[1]: Starting Nameserver information manager...
         Starting Nameserver information manager...
[   21.507691] systemd[1]: Starting Create list of required static device nodes for the current kernel...
         Starting Create list of required st... nodes for the current kernel...
[   21.535784] systemd[1]: Mounted POSIX Message Queue File System.
[[0;32m  OK  [0m] Mounted POSIX Message Queue File System.
[   21.562814] systemd[1]: Mounted Debug File System.
[[0;32m  OK  [0m] Mounted Debug File System.
[   21.570022] systemd[1]: Mounted Huge Pages File System.
[[0;32m  OK  [0m] Mounted Huge Pages File System.
[   21.578999] systemd[1]: Started Journal Service.
[[0;32m  OK  [0m] Started Journal Service.
[[0;32m  OK  [0m] Started Set console keymap.
[[0;32m  OK  [0m] Started Remount Root and Kernel File Systems.
[[0;32m  OK  [0m] Started Uncomplicated firewall.
[[0;32m  OK  [0m] Started Create list of required sta...ce nodes for the current kernel.
[[0;32m  OK  [0m] Started Nameserver information manager.
         Starting Create Static Device Nodes in /dev...
         Starting Load/Save Random Seed...
[   21.734459] iscsi: registered transport (iser)
         Starting udev Coldplug all Devices...
         Starting Flush Journal to Persistent Storage...
[[0;32m  OK  [0m] Started Load Kernel Modules.
[[0;32m  OK  [0m] Started Load/Save Random Seed.
[[0;32m  OK  [0m] Started LVM2 metadata daemon.
         Mounting FUSE Control File System...
         Starting Apply Kernel Variables...
[[0;32m  OK  [0m] Mounted FUSE Control File System.
[   22.187536] systemd-journald[364]: Received request to flush runtime journal from PID 1
[[0;32m  OK  [0m] Started udev Coldplug all Devices.
[[0;32m  OK  [0m] Started Flush Journal to Persistent Storage.
[[0;32m  OK  [0m] Started Apply Kernel Variables.
[[0;32m  OK  [0m] Started Monitoring of LVM2 mirrors,...ng dmeventd or progress polling.
[[0;32m  OK  [0m] Started Create Static Device Nodes in /dev.
         Starting udev Kernel Device Manager...
[[0;32m  OK  [0m] Started udev Kernel Device Manager.
[[0;32m  OK  [0m] Reached target Local File Systems (Pre).
[[0;32m  OK  [0m] Reached target Local File Systems.
         Starting Initial cloud-init job (pre-networking)...
         Starting Tell Plymouth To Write Out Runtime Data...
         Starting Set console font and keymap...
         Starting LSB: AppArmor initialization...
         Starting Commit a transient machine-id on disk...
         Starting Create Volatile Files and Directories...
[[0;32m  OK  [0m] Started Dispatch Password Requests to Console Directory Watch.
[[0;32m  OK  [0m] Started Create Volatile Files and Directories.
[[0;32m  OK  [0m] Started Commit a transient machine-id on disk.
[[0;32m  OK  [0m] Found device /dev/ttyS0.
         Starting Update UTMP about System Boot/Shutdown...
[[0;32m  OK  [0m] Started Tell Plymouth To Write Out Runtime Data.
[[0;32m  OK  [0m] Listening on Load/Save RF Kill Switch Status /dev/rfkill Watch.
[[0;32m  OK  [0m] Started Update UTMP about System Boot/Shutdown.
[[0;32m  OK  [0m] Started LSB: AppArmor initialization.
[[0;32m  OK  [0m] Started Set console font and keymap.
[[0;32m  OK  [0m] Created slice system-getty.slice.
[   31.536916] cloud-init[470]: Cloud-init v. 18.3-9-g2e62cb8a-0ubuntu1~16.04.2 running 'init-local' at Mon, 27 Aug 2018 14:09:55 +0000. Up 30.11 seconds.
[[0;32m  OK  [0m] Started Initial cloud-init job (pre-networking).
[[0;32m  OK  [0m] Reached target Network (Pre).
         Starting Raise network interfaces...
[[0;32m  OK  [0m] Started Raise network interfaces.
[[0;32m  OK  [0m] Reached target Network.
         Starting Initial cloud-init job (metadata service crawler)...
[   43.931728] cloud-init[940]: Cloud-init v. 18.3-9-g2e62cb8a-0ubuntu1~16.04.2 running 'init' at Mon, 27 Aug 2018 14:09:58 +0000. Up 33.16 seconds.
[[0;32m  OK  [0m] Started Initial cloud-init job (metadata service crawler).
[[0;32m  OK  [0m] Reached target System Initialization.
[[0;32m  OK  [0m] Listening on UUID daemon activation socket.
[   44.053983] cloud-init[940]: ci-info: ++++++++++++++++++++++++++++++++++++++Net device info+++++++++++++++++++++++++++++++++++++++
[   44.169247]          Starting Socket activation for snappy daemon.
[[0;32m  OK  [0m] Started Daily Cleanup of Temporary Directories.
[[0;32m  OK  [0m] Listening on D-Bus System Message Bus Socket.
cloud-init[940]: ci-info: +--------+-------+----------------------------+---------------+--------+-------------------+
[   44.190044] [cloud-init[0;32m  OK  [0m[940]: ] ci-info: | Device |   Up  |          Address           |      Mask     | Scope  |     Hw-Address    |Started ACPI Events Check.

[[0;32m  OK  [0m] Reached target Paths.
[   44.190417] cloud-init[940]: ci-info: +--------+-------+----------------------------+---------------+--------+-------------------+
[   44.302687] [[0;32m  OK  [0m] Started Daily apt download activities.
[[0;32m  OK  [0m] Started Daily apt upgrade and clean activities.
[[0;32m  OK  [0m] Reached target Timers.
[[0;32m  OK  [0m] Listening on ACPID Listen Socket.
cloud-init[940]: ci-info: | enp0s3 |  True |         10.0.2.15          | 255.255.255.0 | global | 02:93:23:4d:82:b3 |
[   44.354713]          Starting LXD - unix socket.
[[0;32m  OK  [0m] Reached target Cloud-config availability.
cloud-init[940]: ci-info: | enp0s3 |  True | fe80::93:23ff:fe4d:82b3/64 |       .       |  link  | 02:93:23:4d:82:b3 |
[   44.461876] [cloud-init[0;32m  OK  [0m[940]: ] ci-info: | enp0s8 | False |             .              |       .       |   .    | 08:00:27:06:4f:f2 |Reached target Network is Online.

[   44.462213] cloud-init[940]: ci-info: |   lo   |  True |         127.0.0.1          |   255.0.0.0   |  host  |         .         |
[   44.650782]          cloud-initStarting iSCSI initiator daemon (iscsid)...[940]: 
ci-info: |   lo   |  True |          ::1/128           |       .       |  host  |         .         |
[   44.723561] [cloud-init[0;32m  OK  [0m[940]: ] ci-info: +--------+-------+----------------------------+---------------+--------+-------------------+Listening on Socket activation for snappy daemon.

[[0;32m  OK  [0m] Listening on LXD - unix socket.
[   44.723885] cloud-init[940]: ci-info: +++++++++++++++++++++++++++Route IPv4 info++++++++++++++++++++++++++++
[   44.940399] [cloud-init[0;32m  OK  [0m[940]: ] ci-info: +-------+-------------+----------+---------------+-----------+-------+Reached target Sockets.

[[0;32m  OK  [0m] Reached target Basic System.
[[0;32m  OK  [0m] Started Unattended Upgrades Shutdown.
[   44.940751] cloud-init[940]: ci-info: | Route | Destination | Gateway  |    Genmask    | Interface | Flags |
[   45.011625] cloud-init[940]: ci-info: +-------+-------------+----------+---------------+-----------+-------+
[   45.013172] cloud-init[940]: ci-info: |   0   |   0.0.0.0   | 10.0.2.2 |    0.0.0.0    |   enp0s3  |   UG  |
[   45.014633] cloud-init[940]: ci-info: |   1   |   10.0.2.0  | 0.0.0.0  | 255.255.255.0 |   enp0s3  |   U   |
[   45.021209] [[0;32m  OK  [0m] Started Deferred execution scheduler.
cloud-init[940]: [[0;32m  OK  [0m] Started D-Bus System Message Bus.
ci-info: +-------+-------------+----------+---------------+-----------+-------+
[   45.024189] cloud-init[940]: ci-info: +++++++++++++++++++Route IPv6 info+++++++++++++++++++
[   45.046770] cloud-init[940]: ci-info: +-------+-------------+---------+-----------+-------+
[   45.048235] cloud-init[940]: ci-info: | Route | Destination | Gateway | Interface | Flags |
[   45.114770] cloud-init[940]: ci-info: +-------+-------------+---------+-----------+-------+
[   45.116237] cloud-init[940]: ci-info: |   0   |  fe80::/64  |    ::   |   enp0s3  |   U   |
[   45.117867] cloud-init[940]: ci-info: |   3   |   ff00::/8  |    ::   |   enp0s3  |   U   |
[   45.136335] cloud-init[940]: ci-info: +-------+-------------+---------+-----------+-------+
[   45.191290] cloud-init[940]: Generating public/private rsa key pair.
[   45.192569] cloud-init[940]: Your identification has been saved in /etc/ssh/ssh_host_rsa_key.
[   45.193919] cloud-init[940]: Your public key has been saved in /etc/ssh/ssh_host_rsa_key.pub.
[   45.214766] cloud-init[940]: The key fingerprint is:
[   45.226479] cloud-init[940]: SHA256:RgoobB7h/MnjE/e6x8zAYcIOoPw0S0FFOymGiikB4iA root@ubuntu-xenial
[   45.227901] cloud-init[940]: The key's randomart image is:
[   45.240701] cloud-init[940]: +---[RSA 2048]----+
[   45.264268] cloud-init[940]: |E...oo           |
[   45.272058] cloud-init[940]: |@ oo  o          |
[   45.276702] cloud-init[940]: |*Oooo+  .        |
[   45.289280] cloud-init[940]: |**=*o+.o         |
[   45.308194] cloud-init[940]: |=.***.o S        |
[   45.332301] cloud-init[940]: |. .++o..         |
[   45.342146] cloud-init[940]: |   o  =.         |
[   45.343220] cloud-init[940]: |    . .=         |
[   45.344306] cloud-init[940]: |     oo          |
[   45.345344] cloud-init[940]: +----[SHA256]-----+
[   45.346405] cloud-init[940]: Generating public/private dsa key pair.
[   45.347580] cloud-init[940]: Your identification has been saved in /etc/ssh/ssh_host_dsa_key.
[   45.349036] cloud-init[940]: Your public key has been saved in /etc/ssh/ssh_host_dsa_key.pub.
[   45.350385] cloud-init[940]: The key fingerprint is:
[   45.361845] cloud-init[940]: SHA256:NcXCdEHoP9beLc5WUJNqKuumlpLfQi+WoMESesWU5Zs root@ubuntu-xenial
[   45.396197] cloud-init[940]: The key's randomart image is:
[   45.411953] cloud-init[940]: +---[DSA 1024]----+
[   45.413035] cloud-init[940]: |     o.  o.+=.  .|
[   45.414074] cloud-init[940]: |    o.    +o.  o.|
[   45.415206] cloud-init[940]: |   o  .  .o.  ...|
[   45.416330] cloud-init[940]: | .  o  o ... o.  |
[   45.456306] cloud-init[940]: |. o.  E S  .o. . |
[   45.484217] cloud-init[940]: |...o . . . .+ . .|
[   45.512001] cloud-init[940]: | .. o + + o. o o.|
[   45.548340] cloud-init[940]: |   . o B.+   .+ o|
[   45.585110] cloud-init[940]: |      =o*o   oo. |
[   45.587364] cloud-init[940]: +----[SHA256]-----+
[   45.589293] cloud-init[940]: Generating public/private ecdsa key pair.
[   45.593488] cloud-init[940]: Your identification has been saved in /etc/ssh/ssh_host_ecdsa_key.
[   45.608754] cloud-init[940]: Your public key has been saved in /etc/ssh/ssh_host_ecdsa_key.pub.
[   45.610213] cloud-init[940]: The key fingerprint is:
[   45.636400] cloud-init[940]: SHA256:pVjywnD6lwnJV+/38l/u47MLROb2+xZ9h8v81O3fSDc root@ubuntu-xenial
[   45.656673] cloud-init[940]: The key's randomart image is:
[   45.684290] cloud-init[940]: +---[ECDSA 256]---+
[   45.760282] cloud-init[940]: |                 |
[   45.785360] cloud-init[940]: |                 |
[   45.820355] cloud-init[940]: |    . o . o  o   |
[   45.845701] cloud-init[940]: |     * * + .+    |
[   45.863940] cloud-init[940]: |    . B S   .+ ..|
[   45.888295] cloud-init[940]: |     . + o .o o.*|
[   45.902239] cloud-init[940]: |      . +   .+oEX|
[   45.903369] cloud-init[940]: |       .     o*X*|
[   45.904469] cloud-init[940]: |              o@^|
[   45.940390] cloud-init[940]: +----[SHA256]-----+
[   45.945259] cloud-init[940]: Generating public/private ed25519 key pair.
[   45.952245] cloud-init[940]: Your identification has been saved in /etc/ssh/ssh_host_ed25519_key.
[   45.983763] cloud-init[940]: Your public key has been saved in /etc/ssh/ssh_host_ed25519_key.pub.
[   46.009881] cloud-init[940]: The key fingerprint is:
[   46.011015] cloud-init[940]: SHA256:J1fqu8ejUD1QDeZNRjhJHCkPBbbfdOMfyT4NYo7KEMM root@ubuntu-xenial
[   46.012482] cloud-init[940]: The key's randomart image is:
[   46.014501] cloud-init[940]: +--[ED25519 256]--+
[   46.015577] cloud-init[940]: |          o=BO+  |
[   46.068307] cloud-init[940]: |         .o=*+.  |
[   46.070540] cloud-init[940]: |          o+o.o..|
[   46.096220] cloud-init[940]: |     .     *.oo.o|
[   46.104232] cloud-init[940]: |      E S = * o= |
[   46.105583] cloud-init[940]: |       o * + o..+|
[   46.106625] cloud-init[940]: |      . . o..  oo|
[   46.108696] cloud-init[940]: |       o o .+   .|
[   46.124293] cloud-init[940]: |        o ++ .   |
[   46.133110] cloud-init[940]: +----[SHA256]-----+
         Starting LSB: MD monitoring daemon...
         Starting Login Service...
         Starting /etc/rc.local Compatibility...
         Starting System Logging Service...
         Starting LSB: Record successful boot for GRUB...
         Starting Accounts Service...
         Starting LXD - container startup/shutdown...
         Starting Virtualbox guest utils...
[[0;32m  OK  [0m] Started ACPI event daemon.
[[0;32m  OK  [0m] Started Regular background program processing daemon.
         Starting Pollinate to seed the pseudo random number generator...
[[0;32m  OK  [0m] Started FUSE filesystem for LXC.
         Starting Snappy daemon...
[[0;32m  OK  [0m] Started /etc/rc.local Compatibility.
[[0;32m  OK  [0m] Started System Logging Service.
[[0;32m  OK  [0m] Started Login Service.
[[0;32m  OK  [0m] Started LSB: Record successful boot for GRUB.
[[0;32m  OK  [0m] Started iSCSI initiator daemon (iscsid).
         Starting Login to default iSCSI targets...
[[0;32m  OK  [0m] Started LSB: MD monitoring daemon.
[[0;32m  OK  [0m] Started Login to default iSCSI targets.
[[0;32m  OK  [0m] Reached target Remote File Systems (Pre).
[[0;32m  OK  [0m] Reached target Remote File Systems.
         Starting LSB: daemon to balance interrupts for SMP systems...
         Starting LSB: automatic crash report generation...
         Starting LSB: Set the CPU Frequency Scaling governor to "ondemand"...
         Starting Permit User Sessions...
         Starting Authenticate and Authorize Users to Run Privileged Tasks...
[[0;32m  OK  [0m] Started Virtualbox guest utils.
[[0;32m  OK  [0m] Started Permit User Sessions.
         Starting Terminate Plymouth Boot Screen...
         Starting Hold until boot process finishes up...
[[0;32m  OK  [0m] Started LSB: automatic crash report generation.
[[0;32m  OK  [0m] Started LSB: daemon to balance interrupts for SMP systems.
[[0;32m  OK  [0m] Started LSB: Set the CPU Frequency Scaling governor to "ondemand".
[[0;32m  OK  [0m] Started Terminate Plymouth Boot Screen.
[[0;32m  OK  [0m] Started Hold until boot process finishes up.
[[0;32m  OK  [0m] Started Getty on tty1.
         Starting Set console scheme...
[[0;32m  OK  [0m] Started Serial Getty on ttyS0.
[[0;32m  OK  [0m] Reached target Login Prompts.
[[0;32m  OK  [0m] Started Set console scheme.
[[0;32m  OK  [0m] Started Authenticate and Authorize Users to Run Privileged Tasks.
[[0;32m  OK  [0m] Started Accounts Service.
[[0;32m  OK  [0m] Started LXD - container startup/shutdown.
[[0;32m  OK  [0m] Started Pollinate to seed the pseudo random number generator.
         Starting OpenBSD Secure Shell server...
[[0;32m  OK  [0m] Started OpenBSD Secure Shell server.
[[0;32m  OK  [0m] Started Snappy daemon.
         Starting Wait until snapd is fully seeded...
[[0;32m  OK  [0m] Created slice User Slice of vagrant.
         Starting User Manager for UID 1000...
[[0;32m  OK  [0m] Started Session 1 of user vagrant.
[[0;32m  OK  [0m] Started User Manager for UID 1000.

Ubuntu 16.04.5 LTS ubuntu-xenial ttyS0

ubuntu-xenial login: [   62.127800] cloud-init[1350]: Generating locales (this might take a while)...
[   69.416132] cloud-init[1350]:   en_US.UTF-8... done
[   69.416861] cloud-init[1350]: Generation complete.
[   76.032572] cloud-init[1350]: Cloud-init v. 18.3-9-g2e62cb8a-0ubuntu1~16.04.2 running 'modules:config' at Mon, 27 Aug 2018 14:10:26 +0000. Up 61.32 seconds.
ci-info: no authorized ssh keys fingerprints found for user ubuntu.
<14>Aug 27 14:10:42 ec2: 
<14>Aug 27 14:10:42 ec2: #############################################################
<14>Aug 27 14:10:42 ec2: -----BEGIN SSH HOST KEY FINGERPRINTS-----
<14>Aug 27 14:10:42 ec2: 1024 SHA256:NcXCdEHoP9beLc5WUJNqKuumlpLfQi+WoMESesWU5Zs root@ubuntu-xenial (DSA)
<14>Aug 27 14:10:42 ec2: 256 SHA256:pVjywnD6lwnJV+/38l/u47MLROb2+xZ9h8v81O3fSDc root@ubuntu-xenial (ECDSA)
<14>Aug 27 14:10:42 ec2: 256 SHA256:J1fqu8ejUD1QDeZNRjhJHCkPBbbfdOMfyT4NYo7KEMM root@ubuntu-xenial (ED25519)
<14>Aug 27 14:10:42 ec2: 2048 SHA256:RgoobB7h/MnjE/e6x8zAYcIOoPw0S0FFOymGiikB4iA root@ubuntu-xenial (RSA)
<14>Aug 27 14:10:42 ec2: -----END SSH HOST KEY FINGERPRINTS-----
<14>Aug 27 14:10:42 ec2: #############################################################
-----BEGIN SSH HOST KEY KEYS-----
ecdsa-sha2-nistp256 AAAAE2VjZHNhLXNoYTItbmlzdHAyNTYAAAAIbmlzdHAyNTYAAABBBJ/GfIV3aBydsJk2h1bh6MQjrN67RU5V6xFko0YoxyKv/vdXWilK2FC9AMaj1T5pNrZTQhfjPh/pP9ttZjMm1l8= root@ubuntu-xenial
ssh-ed25519 AAAAC3NzaC1lZDI1NTE5AAAAIGmCIzeXNYWWY5uhNZk80q7dIVupn7zk/augNDqmHck/ root@ubuntu-xenial
ssh-rsa AAAAB3NzaC1yc2EAAAADAQABAAABAQDQ0zDtAPJe8A6ysbQO7nhLmA2UXLazR1Rc9XT19Ympu3hFDiQMztnsMk2vxGq/ZV4lZaB3e9YrHpF1gMt+WiEJm+a2PnN6MjP1fwEsA9rcM0ZAY4HWAfvN9TfzLez9QTDL3fqAiwHB+SXR3vl815f7BbYvffNXPLMVQZjq6MmoAo0AwJaTp+HqSQjHFpfXntANUfAu545Zcbz0LSH+JsDULF8YFKRrv3YEiatfJDZtMnRk9O/VmpssAgGDICn/l7bbJ7qqvYHGAdaada2M/cRt9zae+wuA2J5726y/6G6orV5Xy4hppTQVs4VO0ELvqNg+HFQ6xdJFFo/kJt/kaoe7 root@ubuntu-xenial
-----END SSH HOST KEY KEYS-----
[   77.235078] cloud-init[1595]: Cloud-init v. 18.3-9-g2e62cb8a-0ubuntu1~16.04.2 running 'modules:final' at Mon, 27 Aug 2018 14:10:41 +0000. Up 76.32 seconds.
[   77.235330] cloud-init[1595]: ci-info: no authorized ssh keys fingerprints found for user ubuntu.
[   77.235482] cloud-init[1595]: Cloud-init v. 18.3-9-g2e62cb8a-0ubuntu1~16.04.2 finished at Mon, 27 Aug 2018 14:10:42 +0000. Datasource DataSourceNoCloud [seed=/dev/sdb][dsmode=net].  Up 77.22 seconds
